570245395
161288745
729100118
674237645
614131762
128694536
127794631
444992725
304087722
267512282
886203220
778090873
724042639
525414543
348430183
503631450
356574466
381559095
129649224
889182656
42208790
519735340
147484842
365948461
441040035
219458930
520068470
929254617
531611659
947072860
112033361
453969728
500539480
19435607
132240236
942810806
78605152
664989018
653816620
746521164
520097862
583529499
751657618
538799758
451816878
831411329
90606682
791314466
312161663
470841922
62212265
767939371
294868513
591007098
423043086
736947068
173292198
33910176
250100055
804693565
101507671
840875891
779468323
506662443
281279081
983727218
455851068
692429450
812244389
353831544
55962878
412484464
935338049
95237478
577399522
283429971
890491569
808565796
265476224
409687303
614609193
607136344
378918757
257379234
816569739
461812008
476166519
877445216
99151983
817733798
772209160
11093048
167690466
669919404
244490108
761764506
515508156
509374144
64187578
452057045
58008308
399160928
975155205
921611484
881713949
378539577
361635076
67212700
223861110
730651430
712427437
549973408
225950839
135402039
823252289
219865306
792496976
390681952
752404428
877803406
767879487
537089205
120966868
43603106
506805377
76937007
122324492
742777468
652370727
827428564
202893117
279924705
689652323
635361920
860952392
289119685
669830556
307294055
917125159
61593326
873978706
441584155
230402559
275451244
343828046
780966092
802583563
477963983
570034335
727018028
201914769
297705816
948856179
368518167
576735563
105530430
437078494
936303861
466994788
26566792
242176865
106163811
464841648
835974065
829380505
488868278
525068194
317787752
607371410
124316230
832628328
333509491
822039328
230185831
919119549
58789000
407345358
669844368
246964408
883121194
304392697
975265273
230890037
916360235
441155845
361846056
405425688
207816759
311483140
559485949
178743603
397513405
238795028
900199142
639374848
265466156
556192013
441526956
225339861
994088875
788272487
9404475
791485005
396038137
912629887
802658998
621836964
153400462
366927199
597628478
295908992
650762876
435783996
953953430
541154433
743321889
465761114
749389047
447666697
804774312
634104090
941288310
834225710
457473819
317724449
939514972
611194427
183208939
418306250
966579269
782050994
871358553
78405670
921881572
182824668
909682542
826329575
395858266
26319417
848519747
554372886
966325776
333389271
223402640
256738174
668364205
37986044
698351813
946291430
782145401
889069028
993227399
960011784
494090249
972361696
833523916
587084717
703937906
95247880
777612328
389643223
739333014
541212648
305479605
480953965
410345041
331167175
730671893
781168330
642345252
953067942
368682500
517221015
918820354
114466215
532896338
558238546
355724609
265113341
338923558
525481714
100768438
430262765
659065057
760902688
627062915
753040641
584479819
124404110
894230050
976496355
679476593
136195747
271517146
950618045
541697409
799118681
769334792
808565795
111780509
529738134
419842418
77228075
858807349
657825320
78237837
691565063
129236254
995007650
872396528
428868382
66805444
846100783
203956663
733104178
528401638
54114442
697807823
204313247
321896612
159666193
569977325
723927473
188905986
250172303
223063715
694342273
767001108
902039656
127146279
992779460
920405149
17221415
700841839
37455010
288089497
818986308
319773484
491714342
399869633
252403788
187447444
633703779
158917965
272100696
180999379
783668924
850782858
159627147
604924173
797262398
264035056
399986264
150583997
703521595
751819300
935668775
241366400
987945398
549432089
285382991
461827948
814148204
553055811
577036762
419199928
758241466
331402693
612892915
679382105
280488440
676058003
970816660
782095279
143988259
776146483
101720167
575774839
771122193
303006913
87016115
313949616
21998573
748840297
402113217
574510308
146709018
803230516
667146052
955207085
586629820
517262051
798511346
713996509
119611541
607032686
519792801
751090299
313609704
967470863
240550963
980864546
700674978
781438363
455248673
310079507
57171907
605198497
553474506
887339275
61861346
578672963
827311369
793449034
6302649
642358158
977936215
743526532
671674321
418365643
560185279
522040861
593875357
209326141
331703707
804059086
223113441
100401618
27820570
378306906
100220064
317935445
336553465
44948622
963435285
34981365
892477399
132837064
900600495
956562244
551141118
787324188
848387610
524349434
703068220
221050082
19435673
201064315
104477593
715629510
867634507
797101489
650359974
40001499
917620553
662343447
107931769
657857716
500539492
262277384
150001841
494213914
733904426
181853871
347624958
448342599
480122218
334391114
92658012
609175963
865976745
161907670
653734972
134740641
29926340
20985227
684563425
553539101
454422269
215568289
925399103
946204253
500882885
928627191
448010707
774030127
788061106
61060014
427400126
854368321
829747558
969011991
73910850
680181441
863340640
682777420
818406932
192035723
304682008
336553411
347804936
44068764
60950397
629064029
644113608
349032201
296131438
770999943
567467245
418217575
251299547
861577881
722804455
462002413
489939052
847523532
805687740
595028125
574839563
450590607
85515798
654808803
664555278
110882514
284736371
462918263
795169963
775697862
276773398
60851147
844338320
321579954
608600295
850089697
452229730
953556016
848064021
286892586
57910323
609290012
598323290
846046175
913219819
349681657
623511370
854231106
805921230
497407872
843654860
323376203
112954987
403601980
684865822
2413648
640916840
277624943
442644304
913707455
909886389
667974549
974960608
633703807
281277870
30901371
529880171
464079838
896865880
422221265
771499124
463226939
312910087
797223961
88663156
511557564
920180005
304194006
251973327
412637334
905353339
384014443
848437381
134890602
744349919
623594013
126990812
217830502
965808093
5062534
828268533
267752189
391323477
458984787
786568635
764355982
668306533
755095308
165833038
374570954
274346181
191746710
832741820
249155669
261695193
603048144
689236889
987717599
819344699
623709980
303176723
543020965
98614328
189476790
846901268
644658861
766919421
378528886
439754200
575994367
909721455
390566418
869924841
851119943
421662904
763875996
382387775
642148402
95842463
505487595
164651702
479835486
146131734
340535531
222427339
974244691
430012868
432739525
903052441
53920312
668377383
855923011
824178212
694423931
275325664
30518085
677389103
211125970
893858680
516492400
469189876
73553073
311915427
189143497
745383030
792018932
510518776
890387020
930537770
741565508
383899546
662567259
201750192
399403495
813238849
779990161
663022257
705483179
861625391
53308416
440556540
867275611
668733876
113479765
172526788
942932820
218121275
599095028
106386380
929849417
456579571
648306006
703098306
282597582
414093025
266289710
461177302
891897076
968984865
379052965
10546534
491940833
696757585
59452639
103050416
33614309
215009833
714138120
189038673
69168732
433817794
913683721
40063046
509312933
946252872
931678007
339730718
984716112
811811767
711628138
21643534
742172733
12324562
482492410
316081055
908574724
665790369
703822415
883716680
82770793
111007689
462684787
810275524
335742885
652629014
789368778
826465155
660466567
721327058
413882319
214299311
327706517
118233372
102305345
268848338
991675682
928678299
771182521
406304237
867995351
933072866
443986429
425844903
661842574
104811328
716759422
869278837
604905087
955336719
667394346
236522057
129434075
902092804
147137685
872189316
363981213
117523962
681705661
155719669
311470386
183821318
737350739
535202930
958258395
980420961
418229732
241228243
493269207
653972413
509679285
803472221
649945511
738005944
123447273
807262342
558225629
209358211
330790964
104872366
813151065
725860553
557770490
267432199
419332997
402071578
51290141
39396093
769164470
939688075
626012224
464869789
353418666
165421685
980884852
158482902
932276394
412761471
421890161
970491619
475553330
787597990
282117063
824000964
905070457
204379065
323174305
672872147
334030579
905325978
15966606
524542781
42009320
451018324
674954144
193233333
742431877
818758606
251197844
626786662
83269426
611352122
875791986
543200075
284460621
319149966
175399902
772819
101184852
38513499
510576818
716684490
597567620
409589658
122748059
848386391
997577444
645215777
855068133
19453309
939200464
721297524
285372782
607258099
446108561
259180399
222076847
322134212
679339529
724565886
848695294
986831636
910409463
796166787
995815881
495424446
672679677
903216590
211970936
262702054
583394275
430946966
672856962
261242936
547702112
326272627
374343064
616029291
750410996
839318272
836803593
650817366
65721343
915549411
864285925
282002153
528614724
938089359
548889207
899059020
743709158
715212193
221903669
885084977
993501172
671361012
838521731
444348276
639587578
965534354
478294060
59114672
587375909
733413688
987652115
658793604
36861597
630822515
135550801
821691255
457473806
409732334
420191716
217058287
884547681
973472904
753834245
182266996
898447255
583509047
754029658
487552701
55171874
691080050
594215081
746783063
862513073
741795168
795785727
478574706
512216441
344795719
160683561
686576893
975108500
515702553
787628528
807921807
6877634
562350409
8259626
429531689
704686229
554752401
52740180
262757885
890777347
666306329
261298944
390428042
154047239
104707554
154605913
909752816
328057670
766754195
652396059
795981379
398129410
967792318
812085904
333224823
814344883
61216040
371624893
670614326
73348354
600581189
517717451
119057141
189731460
687533861
830792317
143413639
881538201
726577633
521063486
442026110
844263091
719618544
872688680
479835451
293956545
805562075
822327862
226969460
747937369
939606684
244402782
177289590
7250122
954786445
659047212
874314823
702175525
39238765
128743598
526751305
175357784
918449489
558422243
139103705
875362715
886620741
488032284
938694741
198375346
809998086
49609956
750069402
282554282
555174152
15031810
320608179
462698777
128487106
110523692
634460426
678794422
506082777
787081755
806655086
604898141
99003308
25500275
334426212
108327118
17155558
739517622
427805830
487229399
916147829
515185718
184525313
395397821
556354959
669893342
592782431
819023781
204753809
769427659
501118682
238430611
209358217
402847806
994474232
732096085
879152536
253872502
501292429
311510542
70683717
619144399
121088972
643435419
151285057
368767630
575380530
84412720
837527836
945498708
96558713
143898300
38447195
786388115
366491795
645593976
524171050
589269720
641540500
315289188
779751280
767896277
44248727
397921023
90021065
852268121
120452224
287359004
96652437
731998808
444322747
525574710
109736932
653726425
403293647
813111068
273666268
518220627
139466941
468619858
786724489
973179063
397976290
401923150
79870953
411068737
812947939
460520898
377430082
531293496
577045657
114935196
920799661
174143357
61465201
899138962
639502826
328690916
196773443
119418572
455146744
40526825
196663626
632523392
454421817
894251161
582032454
42301233
311057977
846068315
113882149
349019263
649320484
226194900
171146604
853461383
356111432
619114269
289747389
707522628
959554690
543257683
673446205
557216457
387925998
536432233
759531003
569754384
538033876
979135907
56574317
290520393
314064276
952157866
986534293
780821911
33512557
270215392
649938298
576335786
115098859
585014246
440081613
812910691
412167122
780096879
273517469
520820848
644081036
844599761
160357768
843382392
888472883
960887384
68329754
555510899
310287672
977593196
587155950
456430906
507512746
496629625
138559509
518583765
187411160
380964485
353336196
613649938
18077356
772473491
299310886
836674664
709151907
734980251
908139340
640795458
806157989
48999168
261308021
155645908
317019497
15974283
202081192
427764317
85112718
420644468
569860594
948501297
562387082
153182193
16740026
635784052
923653524
307378427
726742257
730573776
674333166
137947686
798421395
828023951
4148996
736434465
360159573
258456210
964555758
466448157
33112978
892502884
485422642
975784781
651643031
682871837
141077839
954231527
182160687
567091677
781510973
691832618
441016645
528357488
360397810
231498997
363123443
627163914
610424061
447725153
625877939
170754288
887246451
757306990
256320073
454954976
31937498
374377541
594483415
686046849
522959581
262628334
343295879
486572805
236840288
60558938
312958686
901341617
25053764
416934569
953512232
497165080
566423084
437645346
15471742
820146816
386691446
149282016
176781439
112603939
265574808
597228687
500413882
673704454
550951746
445726223
34299721
254564085
202795461
499725909
375406273
62944802
402426411
759715262
988295961
472361255
329453740
795960318
157710011
818643297
696083099
914603941
850587167
69705447
458792407
554001732
299682277
853152022
34368644
560840637
383634948
39810612
251201576
621889203
983294995
810788517
435049151
1773595
374355163
53010096
715036957
484621436
818953710
477154150
376427826
949244453
549110383
182741653
108151087
309363490
52690399
738256509
29257608
739984152
166828176
460060978
962091055
881343003
890387018
746586671
150482812
612704542
670849959
577766011
59821597
249477657
309074724
5024359
23652087
585588354
607555814
631773506
639452570
515339720
196193519
959065414
879559757
748996491
647431238
403416967
27859842
490414637
490644481
824015094
970547994
836813838
667838689
385474920
586796174
948622689
980434409
791185529
47803212
316940968
813339091
896183928
592926030
374035378
9661058
463747129
957131603
317284717
801614258
902753882
935960367
573254759
80595292
975674804
523052155
826701767
848242099
491688
65428047
313527214
905363076
504932992
19658386
10613425
389932324
792664381
301827479
732423394
650542522
879068832
874786456
235053026
282845215
468146256
943664043
982543728
996660249
112598560
156170706
172007485
563278888
307406851
696504991
95048884
454446831
215113674
83218725
152356829
660341189
193391411
412588316
697201833
937980877
354288752
677109432
94400226
569323318
30866593
151093359
871580194
118105620
535721859
700501283
586341503
671434175
841729307
819732988
217030423
627704838
770484915
628255425
673018087
189476783
982516800
559631588
905906795
655725320
221823943
858099432
16368968
603578502
100874967
186638976
602487274
117566213
683390088
143734018
816965595
594654665
398129406
265979908
737190906
664233588
147911183
442902189
802532946
537012929
113685592
499340389
998060520
671529207
781760986
126712798
558902150
842833464
186616139
889115363
421124047
8504999
351160963
173174360
3264734
192841128
763054616
132118923
70683716
215073038
35331336
1537887
409590134
352400924
961424584
644383076
722405213
71031688
175544211
955576954
987847097
584325314
451140884
506125508
401581504
560521012
372474502
10167681
377873737
4149608
903974294
539402314
610183680
270255422
289352689
463473456
799156783
12188956
357750496
38410700
710478655
555503728
757009958
7693704
947211773
820623637
450003690
285201347
231851777
230419174
143547184
569372628
525756356
733279292
642561197
445759205
235860878
734547923
580220375
173929997
528568045
254890607
41483652
485673672
181398171
221407117
563482260
816639155
1189764
201265011
719997271
542271198
639436150
452321786
151722042
323090023
269525540
158063670
918868589
708289337
660520570
428726246
181567928
63507145
564170187
978699876
565964464
393477747
255620070
110647277
966425259
25805434
400086645
78809628
662648710
126811998
288703024
115281647
581512157
612132224
599095027
473100709
175624443
625540517
281313518
443507354
634352271
497197251
937752148
189859000
523980988
534787772
49521161
38443820
336553433
843168311
927152589
685197678
204192678
841033339
234325513
275666228
703731051
934021957
975026931
546112557
944772860
386915416
33359556
499244113
734709642
812085881
261101326
645089339
355410306
35349761
737980103
362379928
969735967
961474193
497102303
48607398
418968639
751122218
303527638
138440888
996393287
778996305
358847975
706686300
281374652
596101148
222596634
807302741
176572898
54635399
359081195
290486977
406442584
179793735
379321985
871965353
475292545
444381263
882748989
354806731
853292941
83887082
111984194
116053565
814161451
904286599
435724144
204046470
110621288
689409373
518686451
494736994
297393343
180451366
782784023
776950222
430317420
113311502
95597521
139562138
883507860
60150965
745656147
909343687
735939617
349421002
535563803
807262379
229603864
380692899
969437717
506750579
361648451
235560082
794251211
282131569
816734503
480094298
604344670
855544024
563228989
900338006
215280882
467431785
570438131
604338969
459303404
911731691
629029892
208942970
720658402
151181910
589569868
711105473
40402136
182715020
908504115
404063580
835361767
817545652
312886283
360877703
111674170
976696360
346442055
983752678
51854063
954041374
452144358
717313721
216735867
373123418
585279608
527293441
663733841
472415165
809998088
168022918
190536699
658312053
287812546
958442560
587433657
860722686
215297732
13734654
437005744
722019776
495579611
433728201
535170853
31672424
970757121
630974805
753943749
664506523
24770078
794457312
801789859
620016033
376098068
460018986
416453898
612401028
433841891
580233970
965618880
935250723
102714693
321556688
945637247
265972167
463195076
615427886
997311025
401773361
143200266
530035269
948039190
555791502
588179429
115586012
9852740
227208101
817961564
410893958
171057210
931556616
734699202
965360807
148324339
412670681
325618115
893993020
294414121
76134898
579371584
415687133
736499791
695340408
554362083
300577468
943624922
664937388
106281543
987785098
290411513
756010706
794066104
112023266
442590130
688875982
194099722
137610031
565063413
131145221
77098887
464522827
473440809
763042399
885853617
902753846
486383889
807261948
56804032
652445486
910526016
948021700
157319250
427906716
415273177
666692455
814743112
841404891
768776777
699062655
587280380
775124287
319463274
775866774
136121641
286962923
587760027
555027304
443247165
962774845
635566196
821145383
252277459
916950235
573869256
146689274
82233513
358853052
805173741
277636089
938512060
729427092
532265159
109871758
320104715
822424459
74497588
963769766
900688629
395709009
746348223
719072913
194983332
255810815
55793210
118666052
285582905
215495077
230309347
55472225
883678711
965548309
138929423
273266974
79070104
46970644
828530219
477353043
763088900
374355159
116529258
950892994
819114950
253028154
219176428
227483958
75764844
758119861
585234719
611082697
501688378
184001942
780794707
866955941
309691775
259730046
426740327
592390390
338348583
166104528
950192120
865926994
73039134
136650300
957427455
623877038
232027375
264484776
905325969
13686064
170657179
655098297
6172121
958708880
776208988
405887446
822039239
248036604
439149424
13320378
362379896
87994682
821658690
311522244
619430157
409394679
813085392
879927762
464822615
822461913
653783877
5062503
982729441
840808381
608585594
201031278
411501916
7684445
147602993
117156423
509278145
990900731
876837833
989659951
220636253
754981751
720555194
357299017
667560545
355919473
944678741
63072306
880511102
348430039
728861512
636032591
483232227
25204481
635325611
296029039
210360230
111984190
960855981
835124877
467783634
90935028
728270464
621793625
803861186
152826749
81498806
830121326
582182343
476557160
235636662
337496285
124313328
595158385
398129422
980225544
979583743
739679649
413958146
118323406
747239975
653291703
970516623
583127739
200997386
98201815
405925592
115723489
829054079
292313733
242640833
10157076
550817645
722230719
264506574
9378407
2227685
580955642
399953551
962774832
799099848
27756178
385846281
550902859
758646486
578962546
859964930
570032788
719304942
831171376
111354586
320736028
818442295
809178250
946504322
918122854
196832137
102750556
661717006
236891655
768843255
277780843
189894581
230101209
681060756
136319122
15131377
428405457
133881075
