140997760
923320051
674640668
583068526
467313194
571956243
676289830
648571615
587268154
655239173
343011022
366573157
546246697
304185547
396027119
881924296
894837567
926775969
948518988
917452803
336992825
778405867
21633504
259813408
54995322
488149070
290743848
757202393
913850304
237180968
39952603
428508428
379555327
278478185
404082352
781986549
598731458
838096552
836603156
554083924
914830458
600491664
164552400
725692007
456308786
70389515
527588359
957520917
794523204
287634127
24506395
782985883
183390697
314501339
913907113
628293065
9421525
729807625
332452148
720728029
503987504
345280618
449066834
694093007
643742271
337909801
754776791
17201555
152076914
631447282
604418956
364322213
426698127
394996639
856716601
992325900
10189654
450601249
320960834
323376714
121648183
449314450
100608716
560121316
814406708
590041155
994490138
470855716
141102952
735059511
297912087
542882508
129436875
667962189
722307076
92017120
689630280
956977231
643121250
854666988
36244309
661259926
86473874
243001940
580345107
731217341
307410907
190111119
609324889
885689223
53294435
856262440
56089731
784444978
503765637
769705859
160050753
103009114
23786981
677848135
846078677
849519988
505945303
237388661
106193441
286959919
863647070
903992283
87169019
167833804
193945614
830672107
224634404
214249405
52950249
510317165
845948313
378812689
417053313
266922175
1862560
776823275
853574624
686178112
568698184
732677763
570154149
910686656
295587294
356994562
753831949
137890856
620668312
746308670
670794100
110046687
785665441
912247536
83726636
161614777
895180421
855814326
848067699
687582071
995388567
668740640
776899259
215170947
708774498
188268739
258801602
903644877
736772966
490478587
400042947
246153908
221965000
537077625
280304199
74964717
183983529
146203435
435410808
347885874
839111025
616124031
476555120
221646196
814882646
843740133
392193995
858958382
916990108
596405051
273655825
815795848
371052417
796968710
814426671
550265029
561243283
321571888
895819274
631447281
370331716
81408472
489255357
196571376
714747446
587973580
918444394
114131821
391396799
535042118
65288782
127185751
111591264
310408287
385460220
646366590
419998531
541040296
955905499
895747632
595508724
31990487
672793884
750533798
82682404
166928713
416381712
339418059
690937149
660301623
237597905
196762961
619462185
500933021
16149356
107706982
44970119
829397570
830078729
247840739
378516885
159800895
304821657
956977235
759966051
643010708
731694684
137204183
978710747
602499990
40479580
148471548
209624106
202886180
306988637
10675782
761333960
386240638
267929803
682926806
724379121
808792396
707310837
55465853
805709235
10911297
493553294
346389064
317880373
221814321
920115912
295136002
936069688
530347083
902005022
842900881
234307429
470959068
395182358
217909285
1699
348983258
378712384
338118916
574381202
741054101
761118250
235885069
930856058
791477372
689182915
695750190
984286691
832262598
221591525
477700919
773452801
222113159
181167925
274625168
922290009
789397366
43129839
953708893
380206079
34732927
462158055
98237849
927904806
973097021
464828377
850490847
458485436
962182833
191313375
212000797
532845825
758742774
543642960
996946238
676803219
441483564
265302950
948161681
881811608
658609195
98682529
295765595
336789457
444570913
727497514
261956467
773565879
530918697
882088983
989543093
723110854
395976500
626234317
698301052
114084030
41191719
430445331
941647928
530600042
259600570
883418182
150154197
833555857
757332228
768252756
778677846
289791648
334435198
103704525
140565785
460605833
493897013
129315654
409754283
563511143
414868547
861959610
39534779
633655807
479568512
608871793
728535440
596049912
652461585
575310526
369684100
610220408
624269003
893994043
433171272
688373985
760248402
221581391
583882184
813985511
740925832
974133439
793246224
647297545
143158064
579464448
937864670
639712271
843970756
977734783
818535249
515325690
533172755
654549107
506604832
531511288
656357523
305454120
389254734
538692042
531702054
868246875
27331102
344409025
764220589
890280642
817281130
747035986
77303789
747798612
832422295
941945962
532743300
142853341
24916929
239356816
415147502
837862466
372849572
845859956
638528530
841675793
779547717
159204153
527664909
571141452
695564260
922931844
746266205
521912699
182473109
36617847
336951177
184624802
736590667
741481993
547287153
399000162
469787899
433033689
298935820
27873641
331845144
995786561
262944625
43688599
670420987
702301291
463760942
932726038
330983591
789351719
36035707
507016052
530811408
192687740
866912833
723695663
295877898
679792628
53902358
661127563
238526095
707478764
406133423
797525061
759079107
624803537
213485743
326690134
405396713
516461319
220449875
338339603
443838590
399820158
410684771
584554126
406012710
768160599
53294512
859337589
373847409
447038100
384372412
348590547
156688665
423171597
97683874
599927651
405918355
260937316
837582517
961983767
742249318
346912146
744468993
23364855
82693980
44538209
960056347
492677944
362813173
928848943
22916559
328022576
760432814
902675663
36728106
380331979
302486023
82668195
960868227
487498556
162257884
687851544
542193651
106197812
474275216
634576651
564101444
235672732
491125518
625558350
644107621
633711030
466541538
72900289
578667659
589958091
794223404
261701616
373849733
851081392
65392257
602982112
436337400
5414007
825580406
177887219
471157074
539126384
793891124
403073541
710634852
586683713
165383155
168880387
761059749
367133047
901617031
964854100
553055011
538673828
236995
874426549
620075944
711694554
883135013
353987867
775443540
885111853
547032385
717540794
587051518
111431653
109933815
200389716
686468044
413830634
947397219
345390936
889319696
111995942
290212650
208485928
613138553
729389478
635800411
600691601
50348350
169314721
354268979
231123219
836751668
917860419
550541583
353556198
180989652
179746418
628681111
473179702
57627005
450236363
417048477
834483654
28662264
715651211
169854589
113153291
432012235
435442700
326447394
49687143
372670110
680931172
305204647
133202534
321915082
141417568
549335070
464826719
406083111
43250368
463668526
347226096
380482859
314396311
930409558
235982738
336833827
777507445
46572191
247728999
833662027
391347663
844664047
781381739
490423162
365002665
941018594
102853080
882679927
641616762
541327487
394323937
379600952
408114241
107184551
431858038
533470500
507927736
220760092
727877900
381311179
456036157
65096048
642016727
340496411
683328420
581198864
889059032
255577675
463795959
898881987
928058267
339168371
333001710
295696894
455418798
932422542
4823240
144131944
394259509
829131188
807383244
654077255
708225964
443607618
994762509
610400628
167582758
50196248
893798940
886719210
379984020
337343580
904985844
824930504
713509013
757328121
789228523
335621973
144029086
289992429
135570388
175849924
401896169
355548457
308012504
944376198
897539007
127996560
688638057
108340693
669801896
686315494
35766021
528982086
176605109
183532176
71532128
367041045
726111302
288690361
567382515
927509274
380636057
692852048
465648903
837876584
499994909
122148065
507800929
336603922
774082462
849535119
197613462
172395486
473776137
657810448
908438897
623492411
234507248
984148071
867887313
310107191
279317034
496095270
750133581
727102369
28581795
602565601
581049796
837582839
70989457
109503547
645640660
494793573
48708728
590139380
426284646
487881453
842483869
641127765
591807891
451298740
34487169
426696377
738486827
641075260
75277819
638852209
328392099
122391202
519103778
269598608
844186200
991535540
260649494
192091932
941789394
105972790
542625306
341339412
393474770
150328605
178755550
554559413
605051586
123723308
814321058
729081724
405620479
240301888
113122436
183022704
463615262
104273100
671808749
174616491
830624792
648869478
860478828
154482334
295849753
722446639
232343875
568553574
717227788
755676713
865718593
660081221
201731386
828822135
927772333
562158726
797598773
571725314
911620460
288224308
670754626
74167764
218064548
866966563
293265377
507006281
736988636
842607579
218933713
129981735
271746920
922219279
142810858
992373278
406539351
145081941
312908205
626251834
474793064
373269179
250798
537663001
95342566
458419537
578615126
579959742
341471209
931043523
312199340
166027621
300910041
320768365
569339775
868719380
407086786
268179099
5491084
343412150
166631166
429206599
414530388
821092574
980967867
797825847
571614730
241426453
427550959
875696334
436563333
102781499
53238671
602317567
985667748
976459258
694117798
199454626
713898604
979063748
183750865
818776003
183588619
360157338
276695275
966124220
371052505
276465473
619309517
27586758
364935413
338980948
733912432
655431295
789282962
754804789
361336378
26200546
300583448
169785596
688652967
957232941
149631355
753931046
183252013
790862101
515216556
642881779
533468565
369381008
896623934
573216841
218445193
596596629
858938856
257448600
450691850
626125649
724558891
773373273
423528027
102186628
487869834
155432403
406294252
460782984
787865025
963769493
193382641
462694013
929893592
197332179
736087560
22893541
326690231
396610899
11382452
64306189
576862386
976830700
683507069
747520777
550889251
730283071
838694464
40482227
53169791
504031520
265248092
335608023
901716387
698740999
582843401
829161524
853592692
25249708
384790587
389854635
90447323
825841888
814308619
409754222
657455921
822775652
194810127
427782402
326690147
846809539
152152969
627728435
339824487
872011401
978600554
462839141
270315679
559482671
191794511
759763802
555999090
429999538
114893924
224974933
893365185
731386183
740789027
826852590
332664404
204440462
554601527
298705931
62276940
787926571
74952720
965483613
954943995
683707152
462997474
407525108
87952548
552859049
14026386
453420437
823207016
220725391
923810215
311954035
575744692
492805805
782966124
829009603
652473096
796114193
669249840
703766623
67364823
53445662
271284503
162149814
93773671
844260289
66762328
937914467
928239036
250495626
49132796
780219340
483395904
724523723
947729441
512710268
379035765
72235605
949127032
179170817
767877454
510200637
520295179
837275673
531966592
257290421
743041422
761634849
975608856
620525964
150547417
407099942
828046238
948361659
487282311
829848319
325358245
972169085
382520975
41775629
264018222
11887441
669747671
305447462
513726540
330576091
763212969
333452915
985960341
76019070
866035249
906613499
945350052
460134912
618422185
612315021
338602210
282541517
145524564
158519517
187269073
915591655
589193058
577331071
359779999
357450913
255495241
103817737
778027199
472485133
594570492
344329014
589640624
195961555
179522258
790444414
72486163
950390945
483474725
545881382
72440408
37992447
238325707
202282027
896117501
254859054
473893730
437157353
428129595
702201568
16527169
631109736
313624640
43012688
995578686
164351025
275256733
335991108
937857265
651121584
736942165
355746271
616617688
219694841
84364858
463938377
580101002
275323923
716674697
381972556
221693919
518944269
75981961
832137639
810847151
738112028
178146361
313106462
924929225
973354440
434047077
536142791
212799269
173620722
535370885
557249327
544431420
290304700
441582181
389783770
259017587
106382120
887548057
542055394
718629277
695264527
936019657
625158328
595754646
379977
622071755
791160431
136662645
261626258
75141810
300263958
821314074
84566350
347599110
175965510
657322787
419605519
379527503
358471873
284176416
916605159
274910021
743790643
485765656
190642303
245874261
856145302
252726292
679555814
304357914
39564449
149607283
781847473
740850174
310906071
746624476
38255395
327446860
361932180
736372109
188195254
794966668
562180775
486126055
671932633
851647936
203464581
859628328
214629754
526795972
526999283
833967840
5764668
226759508
261771275
471173896
736193632
986841241
148272019
817758448
290473052
832125119
738578727
841094716
462715475
168593279
469020892
454551174
717396587
514600049
368124294
911588998
418675407
531178466
59953128
303254733
464554056
766098995
512563880
278164379
155637134
572621493
631633937
393976137
895442796
355897785
464217379
647434904
356828205
373613368
315660376
744495070
892879559
37125699
39017445
73736620
375653247
342378162
378397974
149064439
471002850
850652023
386277920
296242681
14830240
760600145
16526575
808838497
268516799
632484774
498156101
764551019
978600555
421848710
357498449
323852905
325004796
446717964
365292694
459408410
434164711
712435876
765459214
923129928
378555409
192927839
218316986
325867789
705620107
793202852
655531422
6451988
791663492
441301421
779289071
383261242
559002123
311032644
798518107
632243913
898260759
165012217
45645178
342090194
148004880
850055120
296450328
740717003
66793187
939122906
134282782
519514715
702939751
917418526
597131420
28136028
684547931
813309233
359204253
943145438
969121627
353765464
850344806
936612007
407698608
288789776
478119080
471219486
342054042
269182240
654077262
507499611
141776510
174501693
659509978
639381263
279731380
43854632
139733270
137589040
958610980
712335030
939403192
140018507
375794022
781590839
494595204
211833164
330616778
867499752
912483622
660503096
399587338
1489
575744666
470281144
172611520
449537531
102395861
57035480
405532465
198827212
316674151
792432243
527826474
589006882
49318001
814000396
942433843
528499164
137407795
721930200
477263437
241172960
379097596
82430270
800748419
283037028
295140335
892339945
581474536
337601238
161889434
224963152
351755084
454248399
742895432
994583043
911015142
467762192
878330187
741836677
543403833
472289997
396641323
565609104
375514488
954956005
609245938
58627569
70541764
217144473
773119236
784972412
263877469
75630718
439779464
213222191
726272962
865917806
359634406
338429156
773936975
366659191
319207252
601326860
169620770
736206248
553831259
569848155
703224519
677342083
717335547
471726438
24423677
912788224
193974778
982456031
858101884
29447931
861297753
930912836
62080194
120486110
16380622
838104175
323831341
370546545
897501241
647644124
931326159
748946141
234629870
938558503
936008784
876168590
902026274
347545799
229357537
420192991
158254641
829748988
979530287
609259019
923472769
238736438
445905034
727078217
37032639
558442403
764917951
367407960
980278238
943382762
182423210
244590062
361795072
452452791
235746744
796729198
872886820
981590878
155297421
980477320
871089401
126200314
976825568
338407102
19503161
825939924
371373892
599488938
379088424
580667094
108725160
340290800
237234652
276483430
543563164
250036496
115922018
551414763
21216030
492118405
940420855
670761896
836513156
292654100
538881026
505404424
136925282
452864567
855915432
216880620
47191797
985594891
268594218
82233248
551270550
372111639
320801219
823021860
34479397
285600813
382806074
506662855
500741805
296078137
503440754
129697408
55837819
169055070
777279135
705430402
921046664
993863969
219837683
81161377
863647071
529155504
685542558
734271173
446020383
992768374
794804486
101038332
975764819
835670881
186780002
153592177
430809998
846156465
600924181
20189140
610190095
133225821
484184599
873074647
890469550
827550871
316624804
854519797
20778121
450374585
573894186
627280816
65542452
22898424
465677392
263092591
688741638
69152334
804389585
43189516
336769914
636380509
718137052
187501054
359740833
283054653
681677373
2508448
270826550
699126161
461718312
492392697
755421430
443806416
268120105
672000835
949057561
145178833
34211013
564964106
694996694
426452333
729449889
790516163
953715897
11714367
568680388
376780164
955018692
127070599
301351771
993158151
656627973
495980357
79717227
30042164
746144501
919997692
367605705
379259464
886573660
68167848
134434261
106954543
616620297
518572216
911722702
201497062
514097520
783474641
525597778
49006355
775516677
626920706
308019193
982362454
838255491
106715695
12991182
501205998
357812203
36116067
161557749
708871433
134645469
883275534
680178746
726754615
948581445
738775290
842299319
689146843
502189766
894392538
726725776
102270095
178002277
566892164
803468102
627635693
699216334
626384563
274219123
972176440
592406135
898746813
955783061
646001566
343931635
780940853
164093759
563354757
104269065
172691135
553863109
787728393
93092043
155727218
16915574
717963694
863033748
287916786
800139208
916605160
367414586
37388916
732670572
929584963
72964420
131457128
422666972
301721242
837610552
35627785
463847169
900291787
912382703
672757161
215871525
396610999
74881820
734714531
683870492
22564024
41556477
769320476
426615821
329901319
181788943
407440429
249348559
814213794
326690516
906055551
683257470
933395630
474386824
26928469
85322617
140424436
546887207
268084321
914051044
950638539
848581548
482964586
882170224
585914073
697728274
307861781
199437723
91469278
588470783
766507958
858112959
745843959
935397624
564489698
945063977
428505462
939197327
82143192
905600716
235615549
536672640
321347277
298707632
145920166
118088558
377380117
472439756
368190910
218954757
82733381
884086218
492596639
27531757
846781106
640584832
891334088
865600463
485117790
324822755
484791175
592972793
151317068
459213423
449508526
474191416
457772225
652102254
625249269
309931385
408642179
733701774
830653449
930231610
342208678
960744911
604596599
705382649
394925401
791201046
459959230
413737173
786789738
483779904
777019777
767875893
325498330
29056795
209832456
188220140
998161043
996343654
135246853
829131189
391455620
64374561
404330389
569517598
51273044
872619672
935737935
33841209
666363915
838367651
237388760
275391850
660698
893180682
383692365
576846670
28173772
933013219
949267682
379984213
579033030
354086518
675355804
200728007
631633976
862993436
10034922
18983152
26706998
547083878
471313552
209073091
556157045
680586012
74952718
752586667
988210898
174750884
235108786
126010959
634814680
14307041
645845192
335725452
984346700
625274492
270578883
257418197
717706417
844800893
443508921
833738053
912455902
837353628
603592465
27264104
485334797
59011177
549151090
183778560
764591286
664162322
521910657
740057519
815849765
313806907
469867624
78170732
727912976
823204910
945323166
402433213
799209176
313842589
702024138
434006519
846804433
724727236
426677791
516630914
609538259
101036999
485784134
583589333
719328068
389854621
602221815
335790910
391600360
35427454
957359233
844141568
244667032
876584246
98593580
628457398
701343851
698596972
375066349
231402100
148495663
203870185
71206702
905112704
142813896
846729405
297621004
875783888
331260377
798814947
771564205
133970746
586422319
666994208
590933158
805963366
174580435
257362261
503921559
361650953
318988239
52296311
372280484
119736427
882926623
227530008
996800646
47720309
137146894
545892374
472109330
373386004
232429833
646887206
949566831
634440108
477240387
536662866
983614412
685628726
363941672
436254306
474967095
357363859
496398093
803005034
756113575
413537163
781163779
418151957
420039415
909482064
938015559
207003267
574716116
770128117
966053928
25908838
402349467
396611187
303658463
915781015
308026742
73089325
65491312
6223114
685183348
7025096
499775590
760202494
518966504
650434303
252182027
970938008
669249015
45076556
974277773
27873504
934663995
278380346
92974648
681137514
505912948
165660209
564635046
968067791
405196567
481520798
795494433
915680255
91340007
728962215
197170162
149973898
840356562
397509582
432746257
296983327
461688456
283996963
442318211
364782149
421780894
426354571
462785666
570424935
12948421
482249058
51195043
764518041
539500103
270908413
434593547
425710735
802671180
260364821
326231243
586687267
811291286
208648891
760331009
194503547
290336648
259925749
343448197
889011092
260858405
613138553
664189880
668363435
334197241
223601039
536774095
399155372
480596420
612655075
634859962
726878561
105689295
9002616
563961642
421613836
442557714
566132595
549922039
37627719
