33644714
635511364
179396090
158782591
561013658
182464069
926989410
510081180
659164942
813946555
685402917
258419543
229121191
300759754
901833698
13469857
687080959
391758467
301274644
219584117
13307995
832075
319568552
830813039
246681082
311289458
905665789
499932757
760947064
883497315
938878504
731154182
595728848
343215348
636012221
340704023
527890369
490061638
109870117
151759637
273446484
309180209
664506262
853299109
990770960
720091212
222308309
564200161
841788320
76758364
149201271
617659492
606603624
832190734
824475176
272951660
851198611
582008744
77279917
199719939
313830848
417470608
179602547
469006564
382861395
81222480
434878342
861272465
555962627
321039691
683190623
279312159
987891747
623455702
400721658
332119161
962051953
89503560
686793340
23218600
500595412
224187273
658192772
907961751
349520606
319001262
122253617
907059843
211529638
982970640
823518693
992515387
240110774
977463174
18417600
808473632
119473556
75436063
93823056
893544254
661547057
492768086
398177084
956776188
590609627
750549401
384870812
51515696
43839097
212523087
763664135
731236622
300759660
214782821
289555138
135852595
325602251
200704944
495716969
57044296
618849948
706628232
159299069
207937744
723282252
992419158
978060248
989587831
482752937
186072193
279212594
803698866
25853827
555301476
358396391
335768945
127043528
649960094
540463679
959384721
556595436
28366626
240062337
781437303
163659450
306317842
759729904
555628933
525021633
395057304
490106517
240285727
579526206
948521288
262294130
309717705
413527358
993764403
131445758
499142484
352375812
832069919
895981057
395083497
20508444
433582365
692371856
78808385
547160151
626399969
215951711
90271261
11524307
746047337
634919986
299188665
500445338
819816458
287754067
202149711
487285714
144200541
763629002
347204417
410474606
726193491
718204992
974475341
812641559
845544304
442097059
748527814
74388932
742790840
405491269
254933609
138624038
290979424
920290779
805287477
592254756
950982665
616752905
910318792
429267557
215613060
469672848
43613269
836651914
510399682
337217234
729799308
727404915
262479141
851684229
21100666
801835674
33944760
964256763
567983984
328683311
513346233
349235619
822744179
582291882
542025478
319762905
427261098
963949210
960568500
633360035
536558893
841730773
51845035
385385946
924801146
8180533
334464859
166987126
680078056
66365093
361296617
634815855
453559594
436695722
714280398
918495448
331440257
616467855
704447494
14341918
754913001
706401585
395284146
164342662
659011662
821788213
473385886
906211025
579517388
784489547
686823561
464090314
591756677
296938171
6285470
894404344
648737056
579362125
662163234
839664091
599678646
507946041
530710263
968423801
563594187
950888073
598402168
939551637
156779376
9549737
654875551
927388820
970007882
950924060
353184800
157400174
693922593
155119693
264793500
40764035
954976911
809596305
524557728
79705979
902766673
988778242
537562814
953782746
130668429
435782998
643235196
359321019
601189975
993368047
306655705
40471622
13094027
961125814
949477226
825506970
120776977
637941932
718965254
839283716
401580392
296051504
153585446
771659646
826647431
928349190
595661545
88238196
459676952
256168643
793082138
941722640
190278288
150892571
128846408
27111579
237776238
269963085
786727734
549820202
36235489
752306437
85783271
567889497
760356757
439236377
1623
805099127
887751550
358890993
369926566
330859409
571742112
988205724
329904049
890344883
635528660
887060430
661650906
235431195
433980988
708032378
347466990
849426410
986845934
831575859
893314139
196897733
626987531
456483935
657187949
878703210
403990564
573742707
211946343
985342427
262732832
13598771
441530524
218369895
952443800
826671922
943915430
504847214
299268574
960242083
23818535
246045949
499901634
428050282
292495383
641250632
600174784
80890509
197174918
795994513
786270822
692004755
814080079
327353489
517205225
101371129
739740909
560019891
947604154
120041005
685951259
731391723
841921210
553622329
790741995
193731718
671053148
378960433
711008414
663192351
639495190
530880027
714988261
670567209
725784495
262984588
547636592
139778837
360296425
132099170
76531171
118793937
75106450
106982483
278772945
93726936
234553821
524970499
390225980
365496266
26272495
979683577
70738394
614417969
96266697
946501462
644272908
167634756
388122747
475641839
135676643
204213706
241071926
789891505
418294891
699891568
773728128
174686658
952106265
362283757
720948132
40901385
963426366
768083733
179181524
826611380
248658333
429537844
439723937
288547598
184943896
677614745
13274107
897756846
941440378
857213101
704268364
607917603
415298658
3078532
218434815
386493315
662733668
22991110
659898231
580733911
788608306
169077899
119999394
679815376
326946034
390081623
342556205
714027742
501281210
568642690
9250210
601317492
1768209
790123206
564692083
108649276
581634556
625692855
671510750
258789739
790672641
948436286
527396446
261429342
194782543
496804588
572985781
125036222
47701876
186955817
484524395
272482495
616925454
617850945
878274829
868460194
596016490
103719657
700462892
635993025
896341336
778891089
81414482
534923079
280195048
881509823
671859617
611561093
49476908
547912259
826252
542557014
686380697
130565238
890684797
327365070
382273171
887352137
629698759
25981080
720544756
456094224
507628529
633234734
45075234
729199512
293559271
47543179
304877629
354954947
773630230
267715543
590771655
161681453
126278181
862530715
939534687
704729662
570245439
299976914
156287590
897495087
601635552
208457793
192252156
823101184
580548674
702147227
799679753
479829456
272116105
928182370
987914495
121858919
788168138
160386921
263668996
329955385
757949278
74388925
945432553
822606291
619407548
420992774
88329326
360512163
266726725
5088051
464032682
18540785
533216593
146694921
51136135
896802940
760286808
369543937
524791850
398412091
689734841
791681025
912263565
671053092
206555382
384179841
551349356
99248797
394180481
602888596
46302723
87772053
314103605
859289886
92921058
284751146
306161724
700896862
681164270
980216635
339720992
474566083
127180549
23485567
801886810
596918707
988276209
183963568
302807085
164825874
322989300
395732903
640814072
700156470
404632443
517932500
564591394
335489991
889251810
852397595
509636507
798760303
42420661
499294594
247476002
747486172
534814989
876492417
148354227
519367674
104883629
299491851
483863015
526975552
370282880
910903850
950735524
249970280
508365193
655379024
990510266
887952469
77620980
924513537
375989843
232360885
774615471
531153768
719523808
106105304
193234847
809791446
340617484
182271516
282867794
277784361
52527457
301080946
874873753
253651274
84666211
817565041
510119562
627877782
346157208
605230802
796821028
119637133
865311002
131817326
44474921
974342817
467773469
510126498
412240743
758454123
118593472
558631468
204175568
626501085
678872295
554305518
430703881
372632650
979224224
225455850
864184525
333669295
576074772
738304824
131367893
375169004
995123016
37721119
895360513
241320918
122269865
578855968
988342359
386596594
207344894
414367235
487952629
41328080
606931721
428415481
306575242
684308998
499158131
100199326
561243687
356800526
940228107
455432200
838259903
576583581
41676759
651545413
804648239
18687354
235526156
748935413
961477768
294222834
986934741
817309843
141429509
447966897
353409538
64931651
12917947
457073175
241971870
158116583
692946709
937331057
511933761
809909252
803340173
761524259
702557434
964282937
368887669
580767937
328069769
171444708
145059242
438896394
706910395
951826617
103832666
591716428
358279676
45321675
674434080
282474998
720743051
871876327
5689090
323789398
110509135
63155489
74388995
69938482
429267288
802203806
273830801
47132243
803589340
256310949
941081828
97962040
984698239
109182185
367357672
707646504
154199905
105514903
52027796
978040668
115132997
327995940
804537076
413815663
785380319
756924627
944964978
9549739
681203698
67120027
971989593
7950456
374738575
155227640
516939469
351243659
890742723
546435259
395583406
965269634
553648401
998055103
700594780
428997986
868390611
625653209
6210646
149298105
863916190
98263259
536769106
219038372
665473888
262833309
679362991
68196375
356694486
866135574
306127560
487445999
812656510
208369978
320060451
462010174
883221933
286739318
429267481
627319469
258780686
859471630
670573235
965548298
603971292
840293060
523859963
61323441
486655286
200850663
422387698
151706327
450652194
775446732
907949083
306235375
389664502
217486543
361945432
292999479
693423287
267074176
403705296
832425606
500890836
329022227
503660904
414835474
863939961
339839281
672768541
252832757
496938322
961668404
990651624
818988658
459927659
411922715
269282851
916694514
131786501
834369871
880362402
83425273
259944984
982902464
631283347
436731113
699805609
988255057
462177517
540473388
717143780
400703888
190124157
646820372
863018434
1469639
739816896
221432692
762715568
195895534
487156121
596069323
238774144
96535041
531002227
468563215
849220086
356052937
587607861
593297791
97488543
965370259
25601801
190940823
387021465
899933419
163851537
843744954
980543846
698103037
4476845
790588143
34867389
576374410
487767453
429143602
822302312
954668148
501320405
953378439
533187364
67749071
640237236
664445706
412265972
459491437
41764372
104401549
794852540
852323977
83185151
284205122
414707786
706915677
601763584
328136093
976741042
23633688
731624007
711827878
805567940
811681045
933841351
484060191
911330467
879791856
717705093
515287041
765967886
839577002
404077884
957188499
395562747
370767488
978701995
885354582
33517018
716154623
417974460
677309180
255628942
909062182
250020856
88890710
869709697
868705087
563137504
769184557
897286812
488920284
540779183
699437495
435506653
566988230
646105936
63762694
17509176
337320338
768981120
611832314
832067859
442218696
451932003
908652031
8062512
883268565
81926804
801807147
954725902
551983884
952233675
745305899
167687516
840293060
522669079
170580990
86686921
983781184
408569965
174382895
322193383
342086362
235990025
407136925
283646032
114013959
362048408
79012397
705135559
48648096
669219653
889862526
178063395
57289923
269282711
688503899
974737837
243239264
299214153
707328126
495293466
1837307
93207561
385730500
518214942
790916759
839656385
79391125
498242145
957691858
684387882
64204732
786254803
108680894
625150679
217453498
100651937
100216130
949534363
298730214
292191596
855383192
353740324
356273084
882655804
374442412
847821757
810212704
119859567
5336156
578832726
767063426
912360579
283819351
776082164
177572527
160931587
87621342
685703601
530773164
260245719
556414063
448620103
158390824
215786422
663636201
380998290
819191185
851019736
517341502
775936530
709295420
737189318
122293681
585104213
202877873
813651440
388529747
830015362
337499191
739085138
300406437
654908111
610533102
656858323
256140130
350923242
974215152
347211460
120864215
274779596
582825598
985106070
883221902
105036445
949605041
30902920
541879794
538845616
896267735
216509624
20898949
398964050
315951220
256363396
258391044
820907159
290896275
637058027
580990486
193389852
688216459
632178371
471954088
994367015
719421447
757336703
607051350
695092814
885374560
38158708
564227409
57084562
291606212
305805286
721865536
119473574
625840923
519858043
260618898
454963299
596731264
983511577
804765722
378621498
381871305
146685901
490979602
727146954
784378196
470737018
959710910
328646355
898610113
968299434
847239141
794079773
615773843
711706109
181871258
882927517
262114695
184722098
342327914
680966097
845484114
652290828
307702973
731193022
164852035
517653700
42148928
476158377
176813223
103180910
87364843
794991007
58046725
132526847
56542578
836885871
35153431
628428113
258419565
785716067
694390515
501108724
696672823
53538745
256562406
526711791
353323924
217812719
274734958
534979167
732370501
928122326
884061462
223882080
946940505
158116609
663255287
323576041
347161407
251981944
812710116
653267540
752470146
202095445
681339865
636228638
161104850
995111845
501185987
65209566
384399859
345239759
734242440
274218328
320891452
749667261
641449375
6298546
54633342
850320361
623159546
43170165
429267064
370858000
301798063
902675197
444328689
66686187
498062039
61976624
634029812
779714906
252237902
235569665
284927694
957216916
143055263
748233024
291236334
178955606
116264815
880407077
804594501
551692305
171507464
810212730
209762184
150852413
295515117
786095200
254225695
609145204
229040884
161164822
182497236
156376289
355312599
753807258
815996671
188308701
91059263
253586958
831426898
623347162
673024587
402312963
310732422
263235513
180455298
60517727
316683827
49466027
766095461
808756697
540340348
695092818
534234540
438157945
702050298
536531540
974975556
739483435
804956783
561261024
912263559
134094663
651871060
5712446
6893809
759097774
435633256
439255969
443334397
40901379
512919407
917862990
542312189
244427937
484074564
900688486
175827652
559129509
252701683
12983946
540940074
398853018
927814834
534491036
531340495
172197631
693795778
745405763
130635059
360388121
925244145
516618036
250828601
405028632
796373253
850523422
736877383
464577554
703453890
532505907
726366592
381671351
854986137
729390989
100796093
841877567
581498740
409280093
63561359
136941258
544540270
876702851
205378654
811693559
699427785
178619271
563948474
44317435
616461623
154682064
424597913
784818747
642040773
272766476
780442082
256114137
492168866
541289621
986967894
451017917
144304886
703941550
82611636
802257656
143851490
331485216
837552467
649391815
790742035
31096265
603199222
727771032
113101098
109984286
973482029
831618219
54492039
538845571
659849672
55057413
923033579
433046080
302803691
725554716
883682783
603567426
347463809
933798956
295760469
948967810
310268018
533778462
623159547
142797654
888120986
289728855
515510957
195450424
126165021
104231842
336850173
589273940
609803728
348569786
203796973
58417306
705117453
787582259
967198543
822652757
697046637
788549532
301332830
482449248
556119849
141361108
718213946
948617611
589903595
346128420
364930582
949432521
128267158
417726921
410369930
195442526
323213062
563350999
47084002
423058201
405126304
962051977
895915665
343069526
472834824
245227301
502490614
262241204
200815446
349060785
940893623
255120563
120892690
907208279
779263797
334395011
516699738
896784808
736877381
672961707
537184484
993710227
475720996
759361835
612150756
21185403
192148990
923873238
435869111
657366568
331558164
324364030
866656774
468827404
161339818
65559817
848575221
583418417
153933149
475138353
640849865
537498294
312775256
176219196
192653341
572181577
913681305
432489435
737232376
297177720
445070535
944961706
779921978
61156609
49498631
941872702
86600941
666904118
519183679
930182686
514982925
185857869
304691150
436596336
637755125
600519914
387308896
978202035
115476802
436043768
429267340
5369912
536449324
745651102
617275838
779158865
863903285
811588247
289476676
472038926
76916155
388838789
552608346
883864345
134783231
987964258
245388237
568239835
588725586
95386067
216616835
575713130
989279736
685297846
147207460
164945206
841597300
552641506
228039410
471914928
146711187
853579336
290028506
727395773
462016152
483934636
333684517
746247280
408882018
390973308
284430222
549292901
237936608
593965694
221244322
150508479
432573426
971741523
287891017
387946034
185345881
298101208
430918188
371596933
558749699
104776321
265528048
30063813
228402058
25720763
676040605
895017057
617221775
652616556
798013586
737011421
452303565
852323814
566339719
207368449
725770890
669209973
827663694
352041612
839739973
117789827
953839711
476098348
96332553
296648794
423058190
475287304
70240415
448910163
928609199
568689691
227168158
535361304
699471705
676716737
301789691
509715965
766875352
582925316
514540340
924773147
500181851
754880768
76712051
842897187
649576783
285529019
695359741
786002350
287355668
975864594
731420209
496712736
752231406
315773981
29864604
906983549
946063414
821761447
2303889
267860138
754271242
691287532
770740292
594988189
133772582
749433875
458939511
306682733
530710263
898747156
912034365
583030620
864890620
844793313
402273056
959853772
66150908
387388141
869159682
31187312
990604913
938112698
514945767
552091973
289361725
736149299
356678936
215057850
868866096
991586420
746507977
678453760
720432351
751165699
200769605
234007727
841243430
359595807
903144427
685696231
187946478
548160064
598821711
862091815
757555852
74041426
663107917
689835225
991641124
11370590
470672610
541021504
923299071
477048684
472340798
953447989
469785201
257386758
216387880
601242294
181791152
995926530
471848176
273128622
686725495
336424815
327808230
489540378
854900810
841343035
136810914
969615246
653269617
59069273
446192406
410201467
568159539
695719800
497106054
705159107
358171053
881084676
953781992
479604397
351300978
81569388
129472602
143779947
176594383
819511105
276422057
298317397
152308016
226765700
688216488
259852837
403834861
234534338
886807238
468314251
616791322
241792872
872974506
53616713
553126285
213444260
152342267
694906175
943440817
745462607
131643529
373502800
30259492
619212937
209073638
886370781
447167042
627071336
84992393
383376675
860471915
539369590
426987863
188118742
465102370
671271491
405028830
875097315
172667073
261929050
100591593
475641863
2682921
762528638
418341807
743597986
309559215
118793963
886370809
289809241
421331232
907912276
82689015
986536348
167729522
517688920
253463400
399101631
185344661
983785822
343214008
245899163
732213771
473211547
329250176
644341970
179337116
618934622
943087016
336253462
690615246
719531503
706557465
969069005
590165935
479000388
839036490
136260913
941990739
587345007
585817320
101751097
161121726
375986387
418167691
629822925
894620022
378721831
878302536
663229778
190984495
66561278
93576127
500241327
720023042
354227597
619035146
22683162
260047591
144467198
332509507
687836164
410595850
85395020
267740924
666455591
250882318
239314554
207280211
68836208
680186219
577404412
473170808
977689484
872331604
160167707
325296200
102250353
844094927
361473698
980818067
85077955
742644364
742919299
690740964
980532724
783278868
865860628
934029652
568394270
813782122
339673458
14470418
35063118
659727035
132526830
289339569
470184165
299188665
359307753
103871346
267035221
922194332
896052728
397482597
241648213
562333021
238691307
722805627
308123316
932340975
688493461
737323249
589825834
921092743
604521289
172831260
749667262
368975958
743815564
620032476
130617314
945691443
426562513
946034115
713636851
543827705
545063145
708697907
180309589
392784677
905276347
508956922
160708249
163933266
98983138
959544589
734307059
582454138
884719918
339774580
504333677
877421680
949500177
234461937
29062531
191659324
336260041
24656851
158603604
583997426
290099922
739929473
688964814
335569656
144753652
901381131
714383293
881322673
99960141
727908602
204598568
639443046
119865951
481825851
262573100
493632417
903786071
547424746
481321366
347376843
423057646
348753154
896596981
891871459
186626958
773672626
418212239
258107737
598254915
866951699
979142295
314222010
963912699
405509214
353368025
508255932
656216523
888013334
675189776
241735950
574535442
392004235
544886348
888553856
162087488
127442602
652745159
43708476
554900778
152229997
128698451
210245589
429266864
585817326
748687282
241541061
259521825
787483509
906474787
929917444
587608075
982128794
958857842
863788262
522162939
559309608
995030136
690721187
726250841
82216420
722418575
936981701
969628516
191148923
898657226
812912906
852986047
2921945
552559940
50363949
768201360
881263938
540887716
755491976
962511322
52198844
400066490
90230980
691082639
821539716
991172850
123386774
409550652
152502791
407319977
532241687
360859573
228153062
552122883
