748366758
931732891
329779805
671961424
268709164
629942804
749895005
856406055
769251825
213427892
686269978
784246587
601274461
120477196
863536420
841865843
328277995
384693354
812966992
545706111
365894721
342604686
405096024
750931327
757570570
990944534
541016994
573171080
935428368
417313388
171935313
948197989
426993318
921965675
778254320
562310573
732955834
331591648
926515234
817608317
584836716
846894830
497456734
832719161
774536377
34271068
615358066
275926930
290817121
669078741
272850369
357519314
930436796
985117385
139037713
322704474
210151894
618083331
282729335
911504630
764784756
460588604
168186672
548092735
442463672
350754007
719702984
274932898
930005127
676131074
459801698
618531142
594709971
759350974
233714347
355562000
515865843
266750741
150956136
700009625
346082679
562530027
311821098
294808444
326838150
405800088
699693307
649577219
561889261
939951516
301549171
87320541
362543536
691797592
979554082
411039773
598505310
241003497
476072620
298776125
124646337
795311833
130850356
48345682
14474347
767462409
593237733
326710378
606552899
23447473
652804225
339505456
159683038
862125825
33079014
853501057
100355494
677071423
95286730
626925935
96289700
27568
382657016
644714041
637018278
575582939
243477463
664954307
645008602
967656365
245865651
457586796
944104636
617589493
577954063
733461924
379335160
40272377
484671904
402476657
356748280
268672495
315150526
303907902
683391222
758888429
401084971
120326929
9343824
602147542
282655884
47203021
360482036
448531293
524760338
864868627
534414608
336987586
529918061
771076881
388034949
821069792
424939038
476209859
410156079
85397856
690024020
280812637
671479791
918500497
146957315
181787029
540642683
573460825
267718305
29572784
918036839
185427660
21472121
896304052
187925672
388967601
121055935
754405284
614857532
969439251
325821443
326577827
368190322
671701182
406407889
509663463
16370580
817577564
252318675
98233018
413464732
376247569
290238073
325844069
211600941
245708609
190758237
165080004
603890691
794125354
923372497
714648172
45751611
572246091
748033305
1690979
251666234
268609585
426998971
963433946
654964403
919385328
630174831
929839516
277730917
556202607
896326082
990364162
838556582
607921245
693386651
529248234
587209657
722696203
678254448
810323381
778600341
571719230
132669025
136795873
426638459
948488622
853205934
912975404
312539476
397353528
759350216
820576575
656658322
63268493
938084852
204369136
476330736
767696112
632086916
61048682
324583214
474028068
443425747
345499066
120864563
49315910
204886388
269127176
908168933
531201658
478165515
967391959
32528211
467361132
316792682
783921772
29287204
962490130
573090607
321287107
377762852
956162784
459215787
30879198
59474699
48012576
701630280
9369653
64021642
327028733
750546051
110926303
95046516
724627412
680838207
128596049
230407172
49447936
186425588
36737333
991856725
671831895
392534431
739725064
191770684
21784375
971833295
777379597
992108253
155647441
91349829
446463796
137100023
98610551
522562988
619778838
712690724
171447436
846646980
586431259
31774074
652829720
976855709
184348291
588287847
644714048
887270495
633179533
371679927
600181979
145704986
91866754
365852046
765735685
375248981
422842261
556941221
482574231
98808099
821083234
737994438
304454605
47998585
722842427
627499728
749444376
982699444
220363392
543874096
709082050
135533983
137376653
476404584
166237216
960125901
128654214
621946178
506842592
964335178
274198976
779321685
62901553
216654035
23277893
310891644
710068033
239498025
819894124
7486743
993964136
239751551
756799948
302773165
695226373
354485110
299618079
931230647
989681051
664143502
902297199
385311427
457356510
683529360
854114700
270397236
536985773
6331214
221502794
191691041
862041058
408669038
656465273
174863886
388460353
415231191
888823809
158433872
642311836
269120072
350871770
196200326
416965857
268719648
402984901
93814244
521387020
62224571
899343272
509606642
504889226
179940501
514055404
566855340
810529695
218004627
361454808
704169741
919893106
395497626
765340843
109295909
912682303
395434358
594719959
557947256
909806599
297350058
81988496
264127384
333047005
685088631
9796087
449230486
344288236
365112639
340301462
67629680
355828994
265717851
637261090
799418367
407836807
182977619
316181558
515070585
768401683
146411172
555035623
319985198
814132517
470491899
966623164
549016144
656174739
394020496
192719119
908687939
99021487
919026547
23896485
829982206
248895070
731711385
462095514
225396514
699463870
734666215
71236144
353947229
809638608
564971492
170012618
94484457
801266602
342367790
556041687
681038220
995823374
991339311
989089819
158675444
891212861
817583436
703691034
509076038
269257955
992411972
1818
561241102
215343947
42390844
633493932
894103676
156962560
429396070
566481327
882464547
10303514
151091101
709107295
782478887
615647871
616712863
653651528
316861192
380821465
808491856
597814273
215084548
586824059
546049065
319910351
353183464
152935534
227970701
515815290
85743224
826273672
178989384
402499187
639012290
303492860
827429310
869952389
28000263
754971745
681582531
192496365
78992754
919554066
666806724
681798611
50216266
463612782
922618186
249010934
848852411
572076267
949447429
15818600
873852679
398924064
452298942
893938375
390351302
384492092
236539742
759419243
171935307
872433901
355222933
24073482
27855588
469064266
348856412
555618154
292779062
794535093
156139104
79034391
964029423
613226067
510469277
207168590
313872568
964164818
916854689
784386172
808932915
342663741
944157671
273948039
508212547
24582172
144232602
570343514
519290329
190796885
807150231
695744968
50094389
445483267
520302172
869292888
227703939
774456820
254862468
465182950
484718835
10203072
119283102
1977865
304822261
602489273
920695502
606682078
222787971
876479114
768503066
190774237
101890223
265719267
133451238
495649155
662734071
51129062
397719929
371416467
846569069
771700054
365788629
667432968
369739098
691591556
14748795
731723637
719819173
547600523
140075855
837670493
95372758
405959105
381501722
662493669
66638661
806257226
96072583
643021295
484869292
173735437
43661869
127247712
548453667
948052612
403750442
159637218
671049562
923839672
249993757
412050333
753405111
463883068
171094925
406205209
464455995
166971499
89639093
876906426
636585002
867971442
963177169
670423414
427845362
188971100
479028681
512861613
417188124
704013091
64585724
905850050
464050095
345001576
84859690
160972037
376917582
386229754
804989991
354156450
327901557
214691063
330616828
73485338
136142821
15025164
132800747
909849527
663181540
431994371
607916571
66952277
672269850
609783703
948089967
393843342
150121328
814778722
759459113
367405996
847565297
214700789
61563738
659402738
181434287
895697913
978152634
608709257
863360439
257938303
775824262
66638684
284079073
699439882
248621108
342438480
673020743
93442332
16942249
368995308
587433041
958975229
142078012
474769498
106109679
239154738
324938723
878442608
79227843
149741179
412037256
407423745
267555541
805586307
929046179
829290084
690053058
226486241
64440460
805536003
377062188
510101631
729333447
394040735
7958504
507630707
451013515
383505658
45452383
475585612
807697552
83510830
621043157
436205920
76816978
470877610
216859233
903289914
510830904
140508109
784360047
152708480
59455966
142738233
98479429
563511920
555593867
70484827
730983951
951881236
179869771
919899783
702141286
894343650
123573325
753350687
486779362
172770259
431320678
380809211
220976992
773567214
925622939
207403004
825743140
956679064
343271153
853599902
330637229
292103339
12190026
489146256
838333374
577081495
543031080
15815926
974472856
711066322
376281399
422849790
722893593
554991785
183984640
742183294
997935975
335112291
525041793
154433775
469583484
742624057
393234302
688791381
526511896
351203256
873607297
557166480
34176128
471580620
310709926
573664150
943532868
868597880
269135522
878959003
147104247
455125557
483845226
889497657
358639197
56052949
873863073
14611968
213758692
149989085
168547002
295280989
336082526
148052163
486014620
233374851
905812990
930300350
778717664
579240695
526504039
990100273
340639205
209515047
101605731
308199171
491267525
311472171
189658419
269194187
605568846
238586727
208491372
640096670
15293463
50404328
848099108
583543113
922092411
747661908
89823570
666143893
344552424
50992456
114796255
288499639
45782209
405746432
676313249
198906423
171262288
847502024
185428987
508772865
185994463
443465136
337561726
207403004
434415997
562113822
805724610
914730064
747149073
29793807
350368022
486235066
173393866
303120387
359347984
655594438
927092274
127523567
927399597
355788667
603222099
479845742
40836591
118893211
757806600
879358445
598325635
87748979
728028153
578400574
780429795
616528101
542375721
638587878
75406768
538001293
272660218
327726396
133204526
547134273
194152653
90005133
51524902
419269049
100253870
783201653
856946641
581154738
429720823
692993981
168142159
465743977
843253398
287196705
210406834
236922522
702985119
383564058
868214766
982603396
6309667
485656832
845447926
95473909
876620312
230277436
739615419
371284825
435236731
939617478
229070678
643347913
948134866
184783951
163868062
473445774
288392831
467497861
72306507
459507212
841677454
103413314
322678360
172619201
199762399
459117972
784080258
337152829
429990007
402031140
299327845
403937836
809544925
442055161
88437578
52529120
676574893
880858958
69829561
985667244
531694632
969359699
547472350
605995796
365554548
285489560
823383884
991643938
988085125
121830486
948834215
218380460
761801584
284303912
494652990
848314418
759350561
381808366
897827167
708197315
652642493
779410963
685736284
244061037
109527511
260461851
173861955
911776956
244133797
451700458
77339814
615657464
758077661
275743301
719197735
421556269
978248235
105966799
940655226
110887151
989208716
546722562
163730210
965408461
983635378
135308254
227402622
660494304
149813036
128592391
95601354
627355503
895939351
789396773
818599231
435116947
337200922
708720688
496561573
649016076
138213807
188514322
890848024
438646985
144787393
162792696
264918954
695349535
984034920
371661571
536028756
508899322
724250325
806886556
342081782
789965899
490506798
686553546
156279505
460885348
949451203
644882556
967285387
838475276
815585378
855778758
219160057
239270390
27007
574745968
842593278
244543761
663543897
347001014
935572470
587690020
821825043
930981803
630246160
721371048
294257939
269511128
822283769
598414960
289864635
258132696
872343605
392048631
758258326
434314746
181035030
365688126
942567921
924967648
68499970
672273977
491596852
312052640
982595688
896011932
454517752
590803815
410740162
834227222
585845523
910873906
177582301
882832748
71782718
566066203
667123675
865442681
812363909
341904660
255983703
570030505
574986939
669167590
945843025
842503301
75142126
927652540
410257346
363082409
649529851
943398578
883589731
702778174
374839200
838448931
177598613
964070821
343807941
963537435
476595553
910562655
674967202
151778200
775137409
522639629
239037886
343685170
640833993
336267598
655448526
809329372
935261681
622805767
3714046
9417901
131344387
323753273
78188178
76279813
880894322
312932665
192708809
301032277
426345765
457926135
772149952
515151517
553401864
228407125
912575561
870467560
145878042
233563459
984428056
226843274
942058761
394456939
779578183
608060077
466362653
289598242
167725233
873885584
441336564
335491601
985273985
697071813
85134931
962220032
680377768
574462689
271790293
149315980
48345682
42740002
243253892
39380657
356166022
565226964
137599007
519595209
783273404
472110506
9562356
482088444
920947681
50969522
292674181
35806337
224252227
536966872
327383903
587135097
289795229
288478798
13639337
739057449
458340558
26109996
96348689
970050930
767550949
812975282
356166119
475646575
933997499
563035449
384884887
439299069
206061085
533327458
585962216
110602819
648275152
258121528
211373529
376917538
197093104
163515927
479653952
278371167
893216926
341894779
724002415
148333467
937514507
396823405
15282410
35806338
772484893
408515982
342810732
671346168
398570936
912647925
521949580
325360007
780022095
652829761
29098862
582171521
277607642
52065252
501647299
421648729
188514323
891301305
532839634
266480493
101495649
755817527
423585449
959300079
55949829
603881980
356165946
144594467
853503501
938060523
127341881
421805777
759351153
882445005
695617909
296969326
561838228
792463531
611194028
32369221
488058004
790216140
334615169
567050133
512237365
800106628
966697587
968455653
786126204
510038244
265194763
163730200
139704248
539190740
78290475
479681821
729382375
727110338
410555182
583770150
623159945
24973921
313843321
870180802
627283706
759350498
693945012
875131757
673948721
355036292
241003949
623979809
55598592
93523389
468353749
379299035
525276503
136391359
279848717
649709811
560542454
286003496
38891790
749922649
164880901
816561625
346276280
46942256
409333351
89036168
76839521
132929678
486091226
913500723
183021730
365125204
486820901
360993133
785808352
602639125
507966110
724637416
484070844
512420211
466843860
530326106
88945074
690347385
163241831
309094915
895263603
168627079
438360352
103154009
515502477
270073052
775495026
507225492
808515079
885410210
760560747
441862987
286896105
482748543
342081754
320760286
938998854
812159222
893021491
783721060
983511021
840613215
271624358
935423314
289686238
974777141
515214463
516636866
602655099
270562883
377586982
713348641
642947709
153419717
309926917
437396091
559773068
138456649
728909778
837487675
47349211
726016745
555810786
576413102
974579696
441215131
813842441
409381010
195426112
266949189
783585687
898014458
859349246
610516119
726259184
723771294
926824569
827399434
717371518
88765055
985757261
100610313
468119762
807123895
189468659
90083576
759350946
177923683
981073383
510512455
24741601
788418181
76577917
43759173
268669101
872325135
149969355
917449606
169410351
230448042
949891042
457096863
120914873
724288603
863672420
194854870
97859431
468361609
73789056
344541596
438261269
807861114
145897230
133460265
70002142
770717844
158568506
445740120
163576543
507128542
842510381
520761139
561875465
888906987
677777265
672903969
916849972
948347006
384065582
274889109
398027383
215772153
973023528
175380416
465472888
371645544
479063953
650022321
427613095
407178254
72428195
812777200
212085699
231484833
540279101
969437177
871481101
24783912
630183844
825700852
48718707
465362740
396347409
66868506
151967240
814809078
199516063
786662130
246633005
450729357
74384560
224516509
349301871
821580571
497932118
156173075
723892775
337629358
364987229
315120882
661262753
268861845
989089819
564530108
88206464
250402785
83864518
546174144
925698890
603381712
170008756
784656717
457492128
327279486
312897115
124185692
562398245
499485975
868399844
653831453
635005614
369500267
356595270
397725476
275614911
163719662
90733088
45787154
232621828
378393566
334769044
755053779
801832594
528853884
440850219
394994514
406407884
654465223
504806558
856681864
746510492
504478889
70323817
994590470
337209156
487291162
971622925
711225313
948225500
862906231
846823322
245312725
523885995
411296254
470454818
634294442
705001314
647290332
129533701
367951570
176215060
759350589
422230167
965246278
175041954
410165629
103268564
504806563
706469590
133197357
351366190
567193097
145188631
44156888
464738223
839432165
134726612
345759919
488357154
75675115
731711399
799111994
961158337
216721471
868712298
452080594
509453666
176674919
289374964
292704334
97688512
111845094
157974023
647542735
280510007
909600322
267031883
124332551
934307438
864685451
377863562
279510837
246363216
99272453
148793569
373477794
689767931
555493467
928449879
3299220
332666083
719403634
63469913
760891743
550091361
242892913
858977260
486174240
51976119
228151030
500375547
899404108
336944988
723382302
989516351
408728733
945339039
908117013
950658411
886150433
48746933
828640187
255753022
262553072
924386334
329375740
918708990
340808937
652980138
551019940
643197655
587660209
473398109
530366600
955548213
468888393
291424713
393295750
456306603
697915712
163795097
178379827
287212550
627724025
661620125
689392048
472527863
929233095
922092392
38918107
130594166
245886861
801861054
776117800
30477506
726930105
47738094
892404071
328304244
310325
861765546
922955583
882748749
414072567
674046741
487585323
714880632
450645021
464991088
979586281
654817193
488870885
800906135
614087425
553487919
534376994
423838975
840727405
663796428
556110243
462585957
528577439
991856738
83876416
121532296
981073323
294936792
364322361
697826396
642509729
81998540
474181801
117705959
612386572
626952625
228256696
842704147
804568522
475635154
707936001
255577323
461853248
699176534
225037807
131192233
762865386
304199351
980003115
248564114
608350417
34427280
268781635
818502690
735603603
484956836
711064799
285308766
829455060
589196380
836347371
491886095
714141125
310700285
175163160
308376165
831729551
556795321
259096541
234192826
160983974
980775785
748960015
844976936
929410501
515290371
214897646
913236180
149768176
405726370
881439965
892009629
447212666
425663944
963120952
156908664
132946630
438464449
792372544
868821201
195857697
561160871
226250411
457582638
294613181
895939326
700513886
325544134
210615997
34359031
814179788
810456361
321087608
770848859
160826998
898605681
579554018
43211320
665287818
930239399
439109892
881797176
26043354
119470270
948682292
198095672
837420060
958928439
655674404
303132857
26692630
422378869
239728343
404660528
805304518
473427856
234443507
154260486
76225727
471791492
257633189
673149083
386926106
137899826
265803625
560560218
92536545
257994173
533737756
277734684
265875014
111210511
451298395
175199324
452567095
108808642
522231084
590971746
982919394
242043457
20018322
198926648
718942287
896304066
798664159
404924753
513304056
406247099
183014339
163279461
383011791
913500724
714006519
336777284
82760548
258003828
556019118
184334299
555661862
728119165
216439856
860822543
944527258
325199798
247573145
560127683
735084682
788849924
125725686
200903637
916459472
905787802
112828768
47896474
84497368
930711670
991207292
946475744
134708151
909600304
928240574
728685789
270218287
133212182
801311723
933853444
588746509
216501785
278000894
495208905
328124857
804259146
361787916
464000581
712114667
368687663
827990718
653327432
956791108
694873660
174990280
720150365
970540745
920237909
74631508
459989287
989594447
939571014
695875720
306738950
840295230
546690800
128467289
163877687
533681364
522190049
104082367
383273475
80515745
340923253
986073103
874269199
713901604
787672530
780320539
175147160
386683373
107524002
731254771
373681421
631736931
936166076
428404192
212104503
649415383
580581814
490588481
446277463
940195728
898873541
579061539
82397864
926260719
262202286
493169650
95112056
885358572
244377643
877981725
708449919
169450236
557213467
535309743
411009353
810525872
867307955
766982771
332971179
664401130
128828830
905758426
664323872
260995538
10603039
252329623
172819
619450540
431121746
129568864
132300581
217198332
22280368
832976407
235374282
301858851
375485288
832243512
450646230
857086870
38843402
655075424
843212846
442909244
449495256
731720746
561661871
601376607
899035021
619475640
791253407
162634678
1140
701915836
237921393
249784088
806742322
25743270
803413804
639817063
119784353
832731570
84922608
846531215
247493973
311472133
919126103
945616629
43400401
826853318
67450388
42330293
106082090
212274095
385812085
349908964
718305251
209455180
930524261
753218221
191306823
482831979
368764999
776183688
641423461
475441991
649209163
411709075
798435211
17223714
675949782
607699611
130527918
886939667
67534738
224436378
272435744
947175722
141660312
603599723
